opening config file 'config'
               bases =     [ /home/bais/git/mlr_3rdhanddata/datasets/bbox_n_book/ /home/bais/git/3rdHand_data/datasets/toolbox/ /home/bais/git/3rdHand_data/datasets/toolbox_coop/ /home/bais/git/3rdHand_data/datasets/chair/ /home/bais/git/3rdHand_data/datasets/bench/ /home/bais/git/3rdHand_software/thr_scenes/datasets/kevin/ ] [N2MT5ArrayINS_6StringEEE]
                dset = toolbox_coop_4 [N2MT6StringE]
              target =    TS [N2MT6StringE]
         interpolate =  true [N2MT6StringE] (default!)
                wlen =   120 [d] (default!)
            thinning =    12 [d] (default!)
         interpolate =  true [N2MT6StringE] (default!)
                wlen =   120 [d] (default!)
            thinning =    12 [d] (default!)
         interpolate =  true [N2MT6StringE] (default!)
                wlen =   120 [d] (default!)
            thinning =    12 [d] (default!)
         interpolate =  true [N2MT6StringE] (default!)
                wlen =   120 [d] (default!)
            thinning =    12 [d] (default!)
entering path `/home/bais/git/3rdHand_data/datasets/toolbox_coop/toolbox_coop_4' from '/home/bais/git/3rdHand_data/demos/share/projects/mocap/data_visualizer'
opening input file `meta.kvg'
leaving path `/home/bais/git/3rdHand_data/datasets/toolbox_coop/toolbox_coop_4' back to '/home/bais/git/3rdHand_data/demos/share/projects/mocap/data_visualizer'
opening input file `/home/bais/git/3rdHand_data/datasets/toolbox_coop/toolbox_coop_4/poses.dat'
entering path `/home/bais/git/3rdHand_data/datasets/toolbox_coop/toolbox_coop_4' from '/home/bais/git/3rdHand_data/demos/share/projects/mocap/data_visualizer'
opening input file `ann_kvg.kvg'
leaving path `/home/bais/git/3rdHand_data/datasets/toolbox_coop/toolbox_coop_4' back to '/home/bais/git/3rdHand_data/demos/share/projects/mocap/data_visualizer'
entering path `/home/bais/git/3rdHand_data/datasets/toolbox_coop/toolbox_coop_4' from '/home/bais/git/3rdHand_data/demos/share/projects/mocap/data_visualizer'
opening input file `world.ors'
entering path `meshes' from '/home/bais/git/3rdHand_data/datasets/toolbox_coop/toolbox_coop_4'
opening input file `handL_tim.ors'
leaving path `meshes' back to '/home/bais/git/3rdHand_data/datasets/toolbox_coop/toolbox_coop_4'
entering path `meshes' from '/home/bais/git/3rdHand_data/datasets/toolbox_coop/toolbox_coop_4'
opening input file `handR_tim.ors'
leaving path `meshes' back to '/home/bais/git/3rdHand_data/datasets/toolbox_coop/toolbox_coop_4'
entering path `meshes' from '/home/bais/git/3rdHand_data/datasets/toolbox_coop/toolbox_coop_4'
opening input file `handT_tim.ors'
leaving path `meshes' back to '/home/bais/git/3rdHand_data/datasets/toolbox_coop/toolbox_coop_4'
entering path `meshes' from '/home/bais/git/3rdHand_data/datasets/toolbox_coop/toolbox_coop_4'
opening input file `toolbox_two_pieces.ors'
opening input file `ToolboxPart2.stl'
opening input file `ToolboxPart3.stl'
leaving path `meshes' back to '/home/bais/git/3rdHand_data/datasets/toolbox_coop/toolbox_coop_4'
leaving path `/home/bais/git/3rdHand_data/datasets/toolbox_coop/toolbox_coop_4' back to '/home/bais/git/3rdHand_data/demos/share/projects/mocap/data_visualizer'
